S8_FormularioSanPedrito/app/build/intermediates/manifest_merge_blame_file/debug/processDebugMainManifest/manifest-merger-blame-debug-report.txt
1<?xml version="1.0" encoding="utf-8"?>
2<manifest xmlns:android="http://schemas.android.com/apk/res/android"
3    package="com.example.s8_formulariosanpedrito"
4    android:versionCode="1"
5    android:versionName="1.0" >
6
7    <uses-sdk
8        android:minSdkVersion="31"
9        android:targetSdkVersion="35" />
10
11    <uses-permission android:name="android.permission.ACCESS_NETWORK_STATE" />
11-->[com.google.firebase:firebase-inappmessaging:21.0.2] AndroidManifest.xml:7:5-79
11-->[com.google.firebase:firebase-inappmessaging:21.0.2] AndroidManifest.xml:7:22-76
12    <uses-permission android:name="android.permission.INTERNET" />
12-->[com.google.firebase:firebase-inappmessaging:21.0.2] AndroidManifest.xml:8:5-67
12-->[com.google.firebase:firebase-inappmessaging:21.0.2] AndroidManifest.xml:8:22-64
13
14    <permission
14-->[androidx.core:core:1.16.0] AndroidManifest.xml:22:5-24:47
15        android:name="com.example.s8_formulariosanpedrito.DYNAMIC_RECEIVER_NOT_EXPORTED_PERMISSION"
15-->[androidx.core:core:1.16.0] AndroidManifest.xml:23:9-81
16        android:protectionLevel="signature" />
16-->[androidx.core:core:1.16.0] AndroidManifest.xml:24:9-44
17
18    <uses-permission android:name="com.example.s8_formulariosanpedrito.DYNAMIC_RECEIVER_NOT_EXPORTED_PERMISSION" />
18-->[androidx.core:core:1.16.0] AndroidManifest.xml:26:5-97
18-->[androidx.core:core:1.16.0] AndroidManifest.xml:26:22-94
19
20    <application
20-->src\main\AndroidManifest.xml:6:5-37:19
21        android:allowBackup="true"
21-->src\main\AndroidManifest.xml:7:9-35
22        android:appComponentFactory="androidx.core.app.CoreComponentFactory"
22-->[androidx.core:core:1.16.0] AndroidManifest.xml:28:18-86
23        android:dataExtractionRules="@xml/data_extraction_rules"
23-->src\main\AndroidManifest.xml:8:9-65
24        android:debuggable="true"
25        android:extractNativeLibs="false"
26        android:fullBackupContent="@xml/backup_rules"
26-->src\main\AndroidManifest.xml:9:9-54
27        android:icon="@mipmap/ic_launcher"
27-->src\main\AndroidManifest.xml:10:9-43
28        android:label="@string/app_name"
28-->src\main\AndroidManifest.xml:11:9-41
29        android:roundIcon="@mipmap/ic_launcher_round"
29-->src\main\AndroidManifest.xml:12:9-54
30        android:supportsRtl="true"
30-->src\main\AndroidManifest.xml:13:9-35
31        android:testOnly="true"
32        android:theme="@style/Theme.AppCompat.DayNight.NoActionBar" >
32-->src\main\AndroidManifest.xml:14:9-68
33
34        <!-- Main Activity -->
35        <activity
35-->src\main\AndroidManifest.xml:18:9-25:20
36            android:name="com.example.s8_formulariosanpedrito.MainActivity"
36-->src\main\AndroidManifest.xml:19:13-41
37            android:exported="true" >
37-->src\main\AndroidManifest.xml:20:13-36
38            <intent-filter>
38-->src\main\AndroidManifest.xml:21:13-24:29
39                <action android:name="android.intent.action.MAIN" />
39-->src\main\AndroidManifest.xml:22:17-69
39-->src\main\AndroidManifest.xml:22:25-66
40
41                <category android:name="android.intent.category.LAUNCHER" />
41-->src\main\AndroidManifest.xml:23:17-77
41-->src\main\AndroidManifest.xml:23:27-74
42            </intent-filter>
43        </activity>
44
45        <!-- WebView Activity -->
46        <activity
46-->src\main\AndroidManifest.xml:28:9-30:38
47            android:name="com.example.s8_formulariosanpedrito.WebViewActivity"
47-->src\main\AndroidManifest.xml:28:19-50
48            android:exported="true"
48-->src\main\AndroidManifest.xml:30:13-36
49            android:label="WebView Activity" />
49-->src\main\AndroidManifest.xml:29:13-45
50
51        <!-- Settings Activity -->
52        <activity
52-->src\main\AndroidManifest.xml:33:9-35:38
53            android:name="com.example.s8_formulariosanpedrito.SettingsActivity"
53-->src\main\AndroidManifest.xml:33:19-51
54            android:exported="true"
54-->src\main\AndroidManifest.xml:35:13-36
55            android:label="Settings Activity" />
55-->src\main\AndroidManifest.xml:34:13-46
56
57        <service
57-->[com.google.firebase:firebase-inappmessaging:21.0.2] AndroidManifest.xml:11:9-20:19
58            android:name="com.google.firebase.components.ComponentDiscoveryService"
58-->[com.google.firebase:firebase-inappmessaging:21.0.2] AndroidManifest.xml:12:13-84
59            android:directBootAware="true"
59-->[com.google.firebase:firebase-common:21.0.0] AndroidManifest.xml:32:13-43
60            android:exported="false" >
60-->[com.google.firebase:firebase-inappmessaging:21.0.2] AndroidManifest.xml:13:13-37
61            <meta-data
61-->[com.google.firebase:firebase-inappmessaging:21.0.2] AndroidManifest.xml:14:13-16:85
62                android:name="com.google.firebase.components:com.google.firebase.inappmessaging.FirebaseInAppMessagingKtxRegistrar"
62-->[com.google.firebase:firebase-inappmessaging:21.0.2] AndroidManifest.xml:15:17-132
63                android:value="com.google.firebase.components.ComponentRegistrar" />
63-->[com.google.firebase:firebase-inappmessaging:21.0.2] AndroidManifest.xml:16:17-82
64            <meta-data
64-->[com.google.firebase:firebase-inappmessaging:21.0.2] AndroidManifest.xml:17:13-19:85
65                android:name="com.google.firebase.components:com.google.firebase.inappmessaging.FirebaseInAppMessagingRegistrar"
65-->[com.google.firebase:firebase-inappmessaging:21.0.2] AndroidManifest.xml:18:17-129
66                android:value="com.google.firebase.components.ComponentRegistrar" />
66-->[com.google.firebase:firebase-inappmessaging:21.0.2] AndroidManifest.xml:19:17-82
67            <meta-data
67-->[com.google.firebase:firebase-installations:17.2.0] AndroidManifest.xml:15:13-17:85
68                android:name="com.google.firebase.components:com.google.firebase.installations.FirebaseInstallationsKtxRegistrar"
68-->[com.google.firebase:firebase-installations:17.2.0] AndroidManifest.xml:16:17-130
69                android:value="com.google.firebase.components.ComponentRegistrar" />
69-->[com.google.firebase:firebase-installations:17.2.0] AndroidManifest.xml:17:17-82
70            <meta-data
70-->[com.google.firebase:firebase-installations:17.2.0] AndroidManifest.xml:18:13-20:85
71                android:name="com.google.firebase.components:com.google.firebase.installations.FirebaseInstallationsRegistrar"
71-->[com.google.firebase:firebase-installations:17.2.0] AndroidManifest.xml:19:17-127
72                android:value="com.google.firebase.components.ComponentRegistrar" />
72-->[com.google.firebase:firebase-installations:17.2.0] AndroidManifest.xml:20:17-82
73            <meta-data
73-->[com.google.firebase:firebase-common-ktx:21.0.0] AndroidManifest.xml:12:13-14:85
74                android:name="com.google.firebase.components:com.google.firebase.ktx.FirebaseCommonLegacyRegistrar"
74-->[com.google.firebase:firebase-common-ktx:21.0.0] AndroidManifest.xml:13:17-116
75                android:value="com.google.firebase.components.ComponentRegistrar" />
75-->[com.google.firebase:firebase-common-ktx:21.0.0] AndroidManifest.xml:14:17-82
76            <meta-data
76-->[com.google.firebase:firebase-common:21.0.0] AndroidManifest.xml:35:13-37:85
77                android:name="com.google.firebase.components:com.google.firebase.FirebaseCommonKtxRegistrar"
77-->[com.google.firebase:firebase-common:21.0.0] AndroidManifest.xml:36:17-109
78                android:value="com.google.firebase.components.ComponentRegistrar" />
78-->[com.google.firebase:firebase-common:21.0.0] AndroidManifest.xml:37:17-82
79            <meta-data
79-->[com.google.firebase:firebase-abt:21.1.1] AndroidManifest.xml:12:13-14:85
80                android:name="com.google.firebase.components:com.google.firebase.abt.component.AbtRegistrar"
80-->[com.google.firebase:firebase-abt:21.1.1] AndroidManifest.xml:13:17-109
81                android:value="com.google.firebase.components.ComponentRegistrar" />
81-->[com.google.firebase:firebase-abt:21.1.1] AndroidManifest.xml:14:17-82
82            <meta-data
82-->[com.google.firebase:firebase-datatransport:18.2.0] AndroidManifest.xml:25:13-27:85
83                android:name="com.google.firebase.components:com.google.firebase.datatransport.TransportRegistrar"
83-->[com.google.firebase:firebase-datatransport:18.2.0] AndroidManifest.xml:26:17-115
84                android:value="com.google.firebase.components.ComponentRegistrar" />
84-->[com.google.firebase:firebase-datatransport:18.2.0] AndroidManifest.xml:27:17-82
85        </service>
86
87        <provider
87-->[com.google.firebase:firebase-common:21.0.0] AndroidManifest.xml:23:9-28:39
88            android:name="com.google.firebase.provider.FirebaseInitProvider"
88-->[com.google.firebase:firebase-common:21.0.0] AndroidManifest.xml:24:13-77
89            android:authorities="com.example.s8_formulariosanpedrito.firebaseinitprovider"
89-->[com.google.firebase:firebase-common:21.0.0] AndroidManifest.xml:25:13-72
90            android:directBootAware="true"
90-->[com.google.firebase:firebase-common:21.0.0] AndroidManifest.xml:26:13-43
91            android:exported="false"
91-->[com.google.firebase:firebase-common:21.0.0] AndroidManifest.xml:27:13-37
92            android:initOrder="100" />
92-->[com.google.firebase:firebase-common:21.0.0] AndroidManifest.xml:28:13-36
93        <provider
93-->[androidx.emoji2:emoji2:1.3.0] AndroidManifest.xml:24:9-32:20
94            android:name="androidx.startup.InitializationProvider"
94-->[androidx.emoji2:emoji2:1.3.0] AndroidManifest.xml:25:13-67
95            android:authorities="com.example.s8_formulariosanpedrito.androidx-startup"
95-->[androidx.emoji2:emoji2:1.3.0] AndroidManifest.xml:26:13-68
96            android:exported="false" >
96-->[androidx.emoji2:emoji2:1.3.0] AndroidManifest.xml:27:13-37
97            <meta-data
97-->[androidx.emoji2:emoji2:1.3.0] AndroidManifest.xml:29:13-31:52
98                android:name="androidx.emoji2.text.EmojiCompatInitializer"
98-->[androidx.emoji2:emoji2:1.3.0] AndroidManifest.xml:30:17-75
99                android:value="androidx.startup" />
99-->[androidx.emoji2:emoji2:1.3.0] AndroidManifest.xml:31:17-49
100            <meta-data
100-->[androidx.lifecycle:lifecycle-process:2.6.2] AndroidManifest.xml:29:13-31:52
101                android:name="androidx.lifecycle.ProcessLifecycleInitializer"
101-->[androidx.lifecycle:lifecycle-process:2.6.2] AndroidManifest.xml:30:17-78
102                android:value="androidx.startup" />
102-->[androidx.lifecycle:lifecycle-process:2.6.2] AndroidManifest.xml:31:17-49
103            <meta-data
103-->[androidx.profileinstaller:profileinstaller:1.4.0] AndroidManifest.xml:29:13-31:52
104                android:name="androidx.profileinstaller.ProfileInstallerInitializer"
104-->[androidx.profileinstaller:profileinstaller:1.4.0] AndroidManifest.xml:30:17-85
105                android:value="androidx.startup" />
105-->[androidx.profileinstaller:profileinstaller:1.4.0] AndroidManifest.xml:31:17-49
106        </provider>
107
108        <meta-data
108-->[com.google.android.gms:play-services-basement:18.3.0] AndroidManifest.xml:21:9-23:69
109            android:name="com.google.android.gms.version"
109-->[com.google.android.gms:play-services-basement:18.3.0] AndroidManifest.xml:22:13-58
110            android:value="@integer/google_play_services_version" />
110-->[com.google.android.gms:play-services-basement:18.3.0] AndroidManifest.xml:23:13-66
111
112        <receiver
112-->[androidx.profileinstaller:profileinstaller:1.4.0] AndroidManifest.xml:34:9-52:20
113            android:name="androidx.profileinstaller.ProfileInstallReceiver"
113-->[androidx.profileinstaller:profileinstaller:1.4.0] AndroidManifest.xml:35:13-76
114            android:directBootAware="false"
114-->[androidx.profileinstaller:profileinstaller:1.4.0] AndroidManifest.xml:36:13-44
115            android:enabled="true"
115-->[androidx.profileinstaller:profileinstaller:1.4.0] AndroidManifest.xml:37:13-35
116            android:exported="true"
116-->[androidx.profileinstaller:profileinstaller:1.4.0] AndroidManifest.xml:38:13-36
117            android:permission="android.permission.DUMP" >
117-->[androidx.profileinstaller:profileinstaller:1.4.0] AndroidManifest.xml:39:13-57
118            <intent-filter>
118-->[androidx.profileinstaller:profileinstaller:1.4.0] AndroidManifest.xml:40:13-42:29
119                <action android:name="androidx.profileinstaller.action.INSTALL_PROFILE" />
119-->[androidx.profileinstaller:profileinstaller:1.4.0] AndroidManifest.xml:41:17-91
119-->[androidx.profileinstaller:profileinstaller:1.4.0] AndroidManifest.xml:41:25-88
120            </intent-filter>
121            <intent-filter>
121-->[androidx.profileinstaller:profileinstaller:1.4.0] AndroidManifest.xml:43:13-45:29
122                <action android:name="androidx.profileinstaller.action.SKIP_FILE" />
122-->[androidx.profileinstaller:profileinstaller:1.4.0] AndroidManifest.xml:44:17-85
122-->[androidx.profileinstaller:profileinstaller:1.4.0] AndroidManifest.xml:44:25-82
123            </intent-filter>
124            <intent-filter>
124-->[androidx.profileinstaller:profileinstaller:1.4.0] AndroidManifest.xml:46:13-48:29
125                <action android:name="androidx.profileinstaller.action.SAVE_PROFILE" />
125-->[androidx.profileinstaller:profileinstaller:1.4.0] AndroidManifest.xml:47:17-88
125-->[androidx.profileinstaller:profileinstaller:1.4.0] AndroidManifest.xml:47:25-85
126            </intent-filter>
127            <intent-filter>
127-->[androidx.profileinstaller:profileinstaller:1.4.0] AndroidManifest.xml:49:13-51:29
128                <action android:name="androidx.profileinstaller.action.BENCHMARK_OPERATION" />
128-->[androidx.profileinstaller:profileinstaller:1.4.0] AndroidManifest.xml:50:17-95
128-->[androidx.profileinstaller:profileinstaller:1.4.0] AndroidManifest.xml:50:25-92
129            </intent-filter>
130        </receiver>
131
132        <service
132-->[com.google.android.datatransport:transport-backend-cct:3.1.9] AndroidManifest.xml:28:9-34:19
133            android:name="com.google.android.datatransport.runtime.backends.TransportBackendDiscovery"
133-->[com.google.android.datatransport:transport-backend-cct:3.1.9] AndroidManifest.xml:29:13-103
134            android:exported="false" >
134-->[com.google.android.datatransport:transport-backend-cct:3.1.9] AndroidManifest.xml:30:13-37
135            <meta-data
135-->[com.google.android.datatransport:transport-backend-cct:3.1.9] AndroidManifest.xml:31:13-33:39
136                android:name="backend:com.google.android.datatransport.cct.CctBackendFactory"
136-->[com.google.android.datatransport:transport-backend-cct:3.1.9] AndroidManifest.xml:32:17-94
137                android:value="cct" />
137-->[com.google.android.datatransport:transport-backend-cct:3.1.9] AndroidManifest.xml:33:17-36
138        </service>
139        <service
139-->[com.google.android.datatransport:transport-runtime:3.1.9] AndroidManifest.xml:26:9-30:19
140            android:name="com.google.android.datatransport.runtime.scheduling.jobscheduling.JobInfoSchedulerService"
140-->[com.google.android.datatransport:transport-runtime:3.1.9] AndroidManifest.xml:27:13-117
141            android:exported="false"
141-->[com.google.android.datatransport:transport-runtime:3.1.9] AndroidManifest.xml:28:13-37
142            android:permission="android.permission.BIND_JOB_SERVICE" >
142-->[com.google.android.datatransport:transport-runtime:3.1.9] AndroidManifest.xml:29:13-69
143        </service>
144
145        <receiver
145-->[com.google.android.datatransport:transport-runtime:3.1.9] AndroidManifest.xml:32:9-34:40
146            android:name="com.google.android.datatransport.runtime.scheduling.jobscheduling.AlarmManagerSchedulerBroadcastReceiver"
146-->[com.google.android.datatransport:transport-runtime:3.1.9] AndroidManifest.xml:33:13-132
147            android:exported="false" />
147-->[com.google.android.datatransport:transport-runtime:3.1.9] AndroidManifest.xml:34:13-37
148    </application>
149
150</manifest>